build/app/intermediates/manifest_merge_blame_file/release/manifest-merger-blame-release-report.txt
1<?xml version="1.0" encoding="utf-8"?>
2<manifest xmlns:android="http://schemas.android.com/apk/res/android"
3    package="com.test.ooweb"
4    android:versionCode="136"
5    android:versionName="3.0.1.6" >
6
7    <uses-sdk
8        android:minSdkVersion="21"
8-->src\main\AndroidManifest.xml
9        android:targetSdkVersion="31" />
9-->src\main\AndroidManifest.xml
10
11    <uses-permission android:name="android.permission.INTERNET" />
11-->src\main\AndroidManifest.xml:9:5-66
11-->src\main\AndroidManifest.xml:9:22-64
12    <uses-permission android:name="android.permission.READ_EXTERNAL_STORAGE" />
12-->src\main\AndroidManifest.xml:10:5-79
12-->src\main\AndroidManifest.xml:10:22-77
13    <uses-permission android:name="android.permission.WRITE_EXTERNAL_STORAGE" />
13-->src\main\AndroidManifest.xml:11:5-80
13-->src\main\AndroidManifest.xml:11:22-78
14    <uses-permission android:name="android.permission.CAMERA" />
14-->src\main\AndroidManifest.xml:12:5-64
14-->src\main\AndroidManifest.xml:12:22-62
15    <uses-permission android:name="android.permission.FOREGROUND_SERVICE" />
15-->src\main\AndroidManifest.xml:13:5-77
15-->src\main\AndroidManifest.xml:13:22-74
16    <uses-permission android:name="com.android.launcher.permission.READ_SETTINGS" />
16-->src\main\AndroidManifest.xml:15:2-82
16-->src\main\AndroidManifest.xml:15:19-79
17    <uses-permission android:name="com.android.launcher.permission.WRITE_SETTINGS" />
17-->src\main\AndroidManifest.xml:16:2-83
17-->src\main\AndroidManifest.xml:16:19-80
18
19    <!-- for Samsung -->
20    <uses-permission android:name="com.sec.android.provider.badge.permission.READ" />
20-->src\main\AndroidManifest.xml:19:2-83
20-->src\main\AndroidManifest.xml:19:19-80
21    <uses-permission android:name="com.sec.android.provider.badge.permission.WRITE" />
21-->src\main\AndroidManifest.xml:20:2-84
21-->src\main\AndroidManifest.xml:20:19-81
22
23    <!-- for htc -->
24    <uses-permission android:name="com.htc.launcher.permission.READ_SETTINGS" />
24-->src\main\AndroidManifest.xml:23:2-78
24-->src\main\AndroidManifest.xml:23:19-75
25    <uses-permission android:name="com.htc.launcher.permission.UPDATE_SHORTCUT" />
25-->src\main\AndroidManifest.xml:24:2-80
25-->src\main\AndroidManifest.xml:24:19-77
26
27    <!-- for sony -->
28    <uses-permission android:name="com.sonyericsson.home.permission.BROADCAST_BADGE" />
28-->src\main\AndroidManifest.xml:27:2-85
28-->src\main\AndroidManifest.xml:27:19-82
29    <uses-permission android:name="com.sonymobile.home.permission.PROVIDER_INSERT_BADGE" />
29-->src\main\AndroidManifest.xml:28:2-89
29-->src\main\AndroidManifest.xml:28:19-86
30
31    <!-- for apex -->
32    <uses-permission android:name="com.anddoes.launcher.permission.UPDATE_COUNT" />
32-->src\main\AndroidManifest.xml:31:2-81
32-->src\main\AndroidManifest.xml:31:19-78
33
34    <!-- for solid -->
35    <uses-permission android:name="com.majeur.launcher.permission.UPDATE_BADGE" />
35-->src\main\AndroidManifest.xml:34:2-80
35-->src\main\AndroidManifest.xml:34:19-77
36
37    <!-- for huawei -->
38    <uses-permission android:name="com.huawei.android.launcher.permission.CHANGE_BADGE" />
38-->src\main\AndroidManifest.xml:37:2-88
38-->src\main\AndroidManifest.xml:37:19-85
39    <uses-permission android:name="com.huawei.android.launcher.permission.READ_SETTINGS" />
39-->src\main\AndroidManifest.xml:38:2-89
39-->src\main\AndroidManifest.xml:38:19-86
40    <uses-permission android:name="com.huawei.android.launcher.permission.WRITE_SETTINGS" />
40-->src\main\AndroidManifest.xml:39:2-90
40-->src\main\AndroidManifest.xml:39:19-87
41
42    <!-- for ZUK -->
43    <uses-permission android:name="android.permission.READ_APP_BADGE" />
43-->src\main\AndroidManifest.xml:42:2-70
43-->src\main\AndroidManifest.xml:42:19-67
44
45    <!-- for OPPO -->
46    <uses-permission android:name="com.oppo.launcher.permission.READ_SETTINGS" />
46-->src\main\AndroidManifest.xml:45:2-79
46-->src\main\AndroidManifest.xml:45:19-76
47    <uses-permission android:name="com.oppo.launcher.permission.WRITE_SETTINGS" />
47-->src\main\AndroidManifest.xml:46:2-80
47-->src\main\AndroidManifest.xml:46:19-77
48
49    <!-- for EvMe -->
50    <uses-permission android:name="me.everything.badger.permission.BADGE_COUNT_READ" />
50-->src\main\AndroidManifest.xml:49:2-85
50-->src\main\AndroidManifest.xml:49:19-82
51    <uses-permission android:name="me.everything.badger.permission.BADGE_COUNT_WRITE" />
51-->src\main\AndroidManifest.xml:50:2-86
51-->src\main\AndroidManifest.xml:50:19-83
52
53    <meta-data
53-->src\main\AndroidManifest.xml:115:5-117:25
54        android:name="flutterEmbedding"
54-->src\main\AndroidManifest.xml:116:5-36
55        android:value="2" />
55-->src\main\AndroidManifest.xml:117:5-22
56
57    <uses-permission android:name="android.permission.WAKE_LOCK" />
57-->[:firebase_messaging] AndroidManifest.xml:8:5-68
57-->[:firebase_messaging] AndroidManifest.xml:8:22-65
58    <uses-permission android:name="android.permission.ACCESS_NETWORK_STATE" /> <!-- Permissions options for the `notification` group -->
58-->[:firebase_messaging] AndroidManifest.xml:9:5-79
58-->[:firebase_messaging] AndroidManifest.xml:9:22-76
59    <uses-permission android:name="android.permission.POST_NOTIFICATIONS" />
59-->[:firebase_messaging] AndroidManifest.xml:11:5-77
59-->[:firebase_messaging] AndroidManifest.xml:11:22-74
60    <uses-permission android:name="android.permission.RECEIVE_BOOT_COMPLETED" />
60-->[:flutter_local_notifications] AndroidManifest.xml:7:5-81
60-->[:flutter_local_notifications] AndroidManifest.xml:7:22-78
61    <uses-permission android:name="android.permission.VIBRATE" />
61-->[:flutter_local_notifications] AndroidManifest.xml:8:5-66
61-->[:flutter_local_notifications] AndroidManifest.xml:8:22-63
62    <uses-permission android:name="android.permission.USE_FULL_SCREEN_INTENT" />
62-->[:flutter_local_notifications] AndroidManifest.xml:9:5-81
62-->[:flutter_local_notifications] AndroidManifest.xml:9:22-78
63    <uses-permission android:name="android.permission.SCHEDULE_EXACT_ALARM" />
63-->[:flutter_local_notifications] AndroidManifest.xml:10:5-79
63-->[:flutter_local_notifications] AndroidManifest.xml:10:22-76
64
65    <queries>
65-->[:file_picker] AndroidManifest.xml:9:5-15:15
66        <intent>
66-->[:file_picker] AndroidManifest.xml:10:9-14:18
67            <action android:name="android.intent.action.GET_CONTENT" />
67-->[:file_picker] AndroidManifest.xml:11:13-72
67-->[:file_picker] AndroidManifest.xml:11:21-69
68
69            <data android:mimeType="*/*" />
69-->[:file_picker] AndroidManifest.xml:13:13-44
69-->[:file_picker] AndroidManifest.xml:13:19-41
70        </intent>
71        <intent>
71-->[androidx.media2:media2-session:1.2.0] AndroidManifest.xml:25:9-27:18
72            <action android:name="android.media.browse.MediaBrowserService" />
72-->[androidx.media2:media2-session:1.2.0] AndroidManifest.xml:26:13-79
72-->[androidx.media2:media2-session:1.2.0] AndroidManifest.xml:26:21-76
73        </intent>
74        <intent>
74-->[androidx.media2:media2-session:1.2.0] AndroidManifest.xml:28:9-30:18
75            <action android:name="androidx.media2.session.MediaSessionService" />
75-->[androidx.media2:media2-session:1.2.0] AndroidManifest.xml:29:13-82
75-->[androidx.media2:media2-session:1.2.0] AndroidManifest.xml:29:21-79
76        </intent>
77        <intent>
77-->[androidx.media2:media2-session:1.2.0] AndroidManifest.xml:31:9-33:18
78            <action android:name="androidx.media2.session.MediaLibraryService" />
78-->[androidx.media2:media2-session:1.2.0] AndroidManifest.xml:32:13-82
78-->[androidx.media2:media2-session:1.2.0] AndroidManifest.xml:32:21-79
79        </intent>
80    </queries>
81
82    <uses-permission android:name="android.permission.USE_BIOMETRIC" /> <!-- suppress DeprecatedClassUsageInspection -->
82-->[:local_auth_android] AndroidManifest.xml:7:5-72
82-->[:local_auth_android] AndroidManifest.xml:7:22-69
83    <uses-permission android:name="android.permission.USE_FINGERPRINT" /> <!-- Required by older versions of Google Play services to create IID tokens -->
83-->[androidx.biometric:biometric:1.1.0] AndroidManifest.xml:27:5-74
83-->[androidx.biometric:biometric:1.1.0] AndroidManifest.xml:27:22-71
84    <uses-permission android:name="com.google.android.c2dm.permission.RECEIVE" />
84-->[com.google.firebase:firebase-iid:21.1.0] AndroidManifest.xml:26:5-82
84-->[com.google.firebase:firebase-iid:21.1.0] AndroidManifest.xml:26:22-79
85    <uses-permission android:name="com.google.android.gms.permission.AD_ID" />
85-->[com.google.android.gms:play-services-measurement-api:21.2.2] AndroidManifest.xml:25:5-79
85-->[com.google.android.gms:play-services-measurement-api:21.2.2] AndroidManifest.xml:25:22-76
86    <uses-permission android:name="com.google.android.finsky.permission.BIND_GET_INSTALL_REFERRER_SERVICE" />
86-->[com.google.android.gms:play-services-measurement:21.2.2] AndroidManifest.xml:26:5-110
86-->[com.google.android.gms:play-services-measurement:21.2.2] AndroidManifest.xml:26:22-107
87
88    <permission
88-->[androidx.core:core:1.9.0] AndroidManifest.xml:22:5-24:47
89        android:name="com.test.ooweb.DYNAMIC_RECEIVER_NOT_EXPORTED_PERMISSION"
89-->[androidx.core:core:1.9.0] AndroidManifest.xml:23:9-81
90        android:protectionLevel="signature" />
90-->[androidx.core:core:1.9.0] AndroidManifest.xml:24:9-44
91
92    <uses-permission android:name="com.test.ooweb.DYNAMIC_RECEIVER_NOT_EXPORTED_PERMISSION" />
92-->[androidx.core:core:1.9.0] AndroidManifest.xml:26:5-97
92-->[androidx.core:core:1.9.0] AndroidManifest.xml:26:22-94
93    <!--
94 io.flutter.app.FlutterApplication is an android.app.Application that
95         calls FlutterMain.startInitialization(this); in its onCreate method.
96         In most cases you can leave this as-is, but you if you want to provide
97         additional functionality it is fine to subclass or reimplement
98         FlutterApplication and put your custom class here.
99    -->
100    <application
100-->src\main\AndroidManifest.xml:57:5-114:19
101        android:appComponentFactory="androidx.core.app.CoreComponentFactory"
101-->[androidx.core:core:1.9.0] AndroidManifest.xml:28:18-86
102        android:hardwareAccelerated="true"
102-->src\main\AndroidManifest.xml:61:9-43
103        android:icon="@mipmap/ic_launcher"
103-->src\main\AndroidManifest.xml:59:9-43
104        android:label="OOTest"
104-->src\main\AndroidManifest.xml:58:9-31
105        android:requestLegacyExternalStorage="true"
105-->src\main\AndroidManifest.xml:60:3-46
106        android:usesCleartextTraffic="true" >
106-->src\main\AndroidManifest.xml:62:9-44
107        <activity
107-->src\main\AndroidManifest.xml:66:9-91:20
108            android:name="com.test.ooweb.MainActivity"
108-->src\main\AndroidManifest.xml:67:13-41
109            android:configChanges="orientation|keyboardHidden|keyboard|screenSize|smallestScreenSize|locale|layoutDirection|fontScale|screenLayout|density|uiMode"
109-->src\main\AndroidManifest.xml:70:13-163
110            android:exported="true"
110-->src\main\AndroidManifest.xml:74:13-36
111            android:launchMode="singleTop"
111-->src\main\AndroidManifest.xml:68:13-43
112            android:showWhenLocked="true"
112-->src\main\AndroidManifest.xml:72:13-42
113            android:theme="@style/LaunchTheme"
113-->src\main\AndroidManifest.xml:69:13-47
114            android:turnScreenOn="true"
114-->src\main\AndroidManifest.xml:73:13-40
115            android:windowSoftInputMode="adjustResize" >
115-->src\main\AndroidManifest.xml:71:13-55
116
117            <!--
118                 This keeps the window background of the activity showing
119                 until Flutter renders its first frame. It can be removed if
120                 there is no splash screen (such as the default splash screen
121                 defined in @style/LaunchTheme).
122            -->
123
124            <intent-filter>
124-->src\main\AndroidManifest.xml:80:13-83:29
125                <action android:name="android.intent.action.MAIN" />
125-->src\main\AndroidManifest.xml:81:17-68
125-->src\main\AndroidManifest.xml:81:25-66
126
127                <category android:name="android.intent.category.LAUNCHER" />
127-->src\main\AndroidManifest.xml:82:17-76
127-->src\main\AndroidManifest.xml:82:27-74
128            </intent-filter>
129            <intent-filter>
129-->src\main\AndroidManifest.xml:84:4-87:20
130                <action android:name="FLUTTER_NOTIFICATION_CLICK" />
130-->src\main\AndroidManifest.xml:85:5-57
130-->src\main\AndroidManifest.xml:85:13-54
131
132                <category android:name="android.intent.category.DEFAULT" />
132-->src\main\AndroidManifest.xml:86:5-64
132-->src\main\AndroidManifest.xml:86:15-61
133            </intent-filter>
134        </activity>
135        <activity
135-->src\main\AndroidManifest.xml:92:9-93:63
136            android:name="com.flutter_webview_plugin.WebviewActivity"
136-->src\main\AndroidManifest.xml:92:19-76
137            android:parentActivityName="com.test.ooweb.MainActivity" />
137-->src\main\AndroidManifest.xml:93:19-61
138
139        <provider
139-->src\main\AndroidManifest.xml:95:9-105:20
140            android:name="androidx.core.content.FileProvider"
140-->src\main\AndroidManifest.xml:96:13-62
141            android:authorities="com.test.ooweb.fileprovider"
141-->src\main\AndroidManifest.xml:97:13-62
142            android:exported="false"
142-->src\main\AndroidManifest.xml:98:13-37
143            android:grantUriPermissions="true" >
143-->src\main\AndroidManifest.xml:99:13-47
144            <meta-data
144-->src\main\AndroidManifest.xml:101:13-104:52
145                android:name="android.support.FILE_PROVIDER_PATHS"
145-->src\main\AndroidManifest.xml:102:17-67
146                android:resource="@xml/file_paths" />
146-->src\main\AndroidManifest.xml:103:17-51
147        </provider>
148
149        <!--
150             If you want your foreground service to be stopped if
151             your app is stopped, set android:stopWithTask to true.
152             See https://developer.android.com/reference/android/R.attr#stopWithTask
153        -->
154        <service
154-->src\main\AndroidManifest.xml:110:9-113:43
155            android:name="com.dexterous.flutterlocalnotifications.ForegroundService"
155-->src\main\AndroidManifest.xml:111:13-85
156            android:exported="false"
156-->src\main\AndroidManifest.xml:112:13-37
157            android:stopWithTask="false" />
157-->src\main\AndroidManifest.xml:113:13-41
158
159        <provider
159-->[:esys_flutter_share_plus] AndroidManifest.xml:8:9-16:20
160            android:name="de.esys.esysfluttershare.EsysFlutterShareFileProvider"
160-->[:esys_flutter_share_plus] AndroidManifest.xml:9:13-81
161            android:authorities="com.test.ooweb.fileprovider.github.com/orgs/esysberlin/esys-flutter-share"
161-->[:esys_flutter_share_plus] AndroidManifest.xml:10:13-110
162            android:exported="false"
162-->[:esys_flutter_share_plus] AndroidManifest.xml:11:13-37
163            android:grantUriPermissions="true" >
163-->[:esys_flutter_share_plus] AndroidManifest.xml:12:13-47
164            <meta-data
164-->src\main\AndroidManifest.xml:101:13-104:52
165                android:name="android.support.FILE_PROVIDER_PATHS"
165-->src\main\AndroidManifest.xml:102:17-67
166                android:resource="@xml/esys_flutter_share_filepaths" />
166-->src\main\AndroidManifest.xml:103:17-51
167        </provider>
168
169        <service
169-->[:firebase_messaging] AndroidManifest.xml:14:9-17:72
170            android:name="io.flutter.plugins.firebase.messaging.FlutterFirebaseMessagingBackgroundService"
170-->[:firebase_messaging] AndroidManifest.xml:15:13-107
171            android:exported="false"
171-->[:firebase_messaging] AndroidManifest.xml:16:13-37
172            android:permission="android.permission.BIND_JOB_SERVICE" />
172-->[:firebase_messaging] AndroidManifest.xml:17:13-69
173        <service
173-->[:firebase_messaging] AndroidManifest.xml:18:9-24:19
174            android:name="io.flutter.plugins.firebase.messaging.FlutterFirebaseMessagingService"
174-->[:firebase_messaging] AndroidManifest.xml:19:13-97
175            android:exported="false" >
175-->[:firebase_messaging] AndroidManifest.xml:20:13-37
176            <intent-filter>
176-->[:firebase_messaging] AndroidManifest.xml:21:13-23:29
177                <action android:name="com.google.firebase.MESSAGING_EVENT" />
177-->[:firebase_messaging] AndroidManifest.xml:22:17-78
177-->[:firebase_messaging] AndroidManifest.xml:22:25-75
178            </intent-filter>
179        </service>
180
181        <receiver
181-->[:firebase_messaging] AndroidManifest.xml:26:9-33:20
182            android:name="io.flutter.plugins.firebase.messaging.FlutterFirebaseMessagingReceiver"
182-->[:firebase_messaging] AndroidManifest.xml:27:13-98
183            android:exported="true"
183-->[:firebase_messaging] AndroidManifest.xml:28:13-36
184            android:permission="com.google.android.c2dm.permission.SEND" >
184-->[:firebase_messaging] AndroidManifest.xml:29:13-73
185            <intent-filter>
185-->[:firebase_messaging] AndroidManifest.xml:30:13-32:29
186                <action android:name="com.google.android.c2dm.intent.RECEIVE" />
186-->[:firebase_messaging] AndroidManifest.xml:31:17-81
186-->[:firebase_messaging] AndroidManifest.xml:31:25-78
187            </intent-filter>
188        </receiver>
189
190        <service
190-->[:firebase_messaging] AndroidManifest.xml:35:9-39:19
191            android:name="com.google.firebase.components.ComponentDiscoveryService"
191-->[:firebase_messaging] AndroidManifest.xml:35:18-89
192            android:directBootAware="true"
192-->[com.google.firebase:firebase-common:20.3.2] AndroidManifest.xml:34:13-43
193            android:exported="false" >
193-->[com.google.firebase:firebase-iid:21.1.0] AndroidManifest.xml:31:13-37
194            <meta-data
194-->[:firebase_messaging] AndroidManifest.xml:36:13-38:85
195                android:name="com.google.firebase.components:io.flutter.plugins.firebase.messaging.FlutterFirebaseAppRegistrar"
195-->[:firebase_messaging] AndroidManifest.xml:37:17-128
196                android:value="com.google.firebase.components.ComponentRegistrar" />
196-->[:firebase_messaging] AndroidManifest.xml:38:17-82
197            <meta-data
197-->[:firebase_core] AndroidManifest.xml:9:13-11:85
198                android:name="com.google.firebase.components:io.flutter.plugins.firebase.core.FlutterFirebaseCoreRegistrar"
198-->[:firebase_core] AndroidManifest.xml:10:17-124
199                android:value="com.google.firebase.components.ComponentRegistrar" />
199-->[:firebase_core] AndroidManifest.xml:11:17-82
200            <meta-data
200-->[com.google.firebase:firebase-iid:21.1.0] AndroidManifest.xml:32:13-34:85
201                android:name="com.google.firebase.components:com.google.firebase.iid.Registrar"
201-->[com.google.firebase:firebase-iid:21.1.0] AndroidManifest.xml:33:17-96
202                android:value="com.google.firebase.components.ComponentRegistrar" />
202-->[com.google.firebase:firebase-iid:21.1.0] AndroidManifest.xml:34:17-82
203            <meta-data
203-->[com.google.firebase:firebase-messaging:23.1.2] AndroidManifest.xml:55:13-57:85
204                android:name="com.google.firebase.components:com.google.firebase.messaging.FirebaseMessagingRegistrar"
204-->[com.google.firebase:firebase-messaging:23.1.2] AndroidManifest.xml:56:17-119
205                android:value="com.google.firebase.components.ComponentRegistrar" />
205-->[com.google.firebase:firebase-messaging:23.1.2] AndroidManifest.xml:57:17-82
206            <meta-data
206-->[com.google.android.gms:play-services-measurement-api:21.2.2] AndroidManifest.xml:31:13-33:85
207                android:name="com.google.firebase.components:com.google.firebase.analytics.connector.internal.AnalyticsConnectorRegistrar"
207-->[com.google.android.gms:play-services-measurement-api:21.2.2] AndroidManifest.xml:32:17-139
208                android:value="com.google.firebase.components.ComponentRegistrar" />
208-->[com.google.android.gms:play-services-measurement-api:21.2.2] AndroidManifest.xml:33:17-82
209            <meta-data
209-->[com.google.firebase:firebase-installations:17.1.3] AndroidManifest.xml:17:13-19:85
210                android:name="com.google.firebase.components:com.google.firebase.installations.FirebaseInstallationsRegistrar"
210-->[com.google.firebase:firebase-installations:17.1.3] AndroidManifest.xml:18:17-127
211                android:value="com.google.firebase.components.ComponentRegistrar" />
211-->[com.google.firebase:firebase-installations:17.1.3] AndroidManifest.xml:19:17-82
212            <meta-data
212-->[com.google.firebase:firebase-datatransport:18.1.7] AndroidManifest.xml:27:13-29:85
213                android:name="com.google.firebase.components:com.google.firebase.datatransport.TransportRegistrar"
213-->[com.google.firebase:firebase-datatransport:18.1.7] AndroidManifest.xml:28:17-115
214                android:value="com.google.firebase.components.ComponentRegistrar" />
214-->[com.google.firebase:firebase-datatransport:18.1.7] AndroidManifest.xml:29:17-82
215        </service>
216
217        <provider
217-->[:firebase_messaging] AndroidManifest.xml:41:9-45:38
218            android:name="io.flutter.plugins.firebase.messaging.FlutterFirebaseMessagingInitProvider"
218-->[:firebase_messaging] AndroidManifest.xml:42:13-102
219            android:authorities="com.test.ooweb.flutterfirebasemessaginginitprovider"
219-->[:firebase_messaging] AndroidManifest.xml:43:13-88
220            android:exported="false"
220-->[:firebase_messaging] AndroidManifest.xml:44:13-37
221            android:initOrder="99" />
221-->[:firebase_messaging] AndroidManifest.xml:45:13-35
222
223        <receiver
223-->[:flutter_local_notifications] AndroidManifest.xml:14:9-16:40
224            android:name="com.dexterous.flutterlocalnotifications.ActionBroadcastReceiver"
224-->[:flutter_local_notifications] AndroidManifest.xml:15:13-91
225            android:exported="false" />
225-->[:flutter_local_notifications] AndroidManifest.xml:16:13-37
226        <receiver
226-->[:flutter_local_notifications] AndroidManifest.xml:17:9-19:40
227            android:name="com.dexterous.flutterlocalnotifications.ScheduledNotificationReceiver"
227-->[:flutter_local_notifications] AndroidManifest.xml:18:13-97
228            android:exported="false" />
228-->[:flutter_local_notifications] AndroidManifest.xml:19:13-37
229        <receiver
229-->[:flutter_local_notifications] AndroidManifest.xml:20:9-29:20
230            android:name="com.dexterous.flutterlocalnotifications.ScheduledNotificationBootReceiver"
230-->[:flutter_local_notifications] AndroidManifest.xml:21:13-101
231            android:exported="false" >
231-->[:flutter_local_notifications] AndroidManifest.xml:22:13-37
232            <intent-filter>
232-->[:flutter_local_notifications] AndroidManifest.xml:23:13-28:29
233                <action android:name="android.intent.action.BOOT_COMPLETED" />
233-->[:flutter_local_notifications] AndroidManifest.xml:24:17-79
233-->[:flutter_local_notifications] AndroidManifest.xml:24:25-76
234                <action android:name="android.intent.action.MY_PACKAGE_REPLACED" />
234-->[:flutter_local_notifications] AndroidManifest.xml:25:17-84
234-->[:flutter_local_notifications] AndroidManifest.xml:25:25-81
235                <action android:name="android.intent.action.QUICKBOOT_POWERON" />
235-->[:flutter_local_notifications] AndroidManifest.xml:26:17-82
235-->[:flutter_local_notifications] AndroidManifest.xml:26:25-79
236                <action android:name="com.htc.intent.action.QUICKBOOT_POWERON" />
236-->[:flutter_local_notifications] AndroidManifest.xml:27:17-82
236-->[:flutter_local_notifications] AndroidManifest.xml:27:25-79
237            </intent-filter>
238        </receiver>
239
240        <provider
240-->[:image_picker_android] AndroidManifest.xml:8:9-16:20
241            android:name="io.flutter.plugins.imagepicker.ImagePickerFileProvider"
241-->[:image_picker_android] AndroidManifest.xml:9:13-82
242            android:authorities="com.test.ooweb.flutter.image_provider"
242-->[:image_picker_android] AndroidManifest.xml:10:13-74
243            android:exported="false"
243-->[:image_picker_android] AndroidManifest.xml:11:13-37
244            android:grantUriPermissions="true" >
244-->[:image_picker_android] AndroidManifest.xml:12:13-47
245            <meta-data
245-->src\main\AndroidManifest.xml:101:13-104:52
246                android:name="android.support.FILE_PROVIDER_PATHS"
246-->src\main\AndroidManifest.xml:102:17-67
247                android:resource="@xml/flutter_image_picker_file_paths" />
247-->src\main\AndroidManifest.xml:103:17-51
248        </provider>
249
250        <activity
250-->[:url_launcher_android] AndroidManifest.xml:8:9-11:74
251            android:name="io.flutter.plugins.urllauncher.WebViewActivity"
251-->[:url_launcher_android] AndroidManifest.xml:9:13-74
252            android:exported="false"
252-->[:url_launcher_android] AndroidManifest.xml:10:13-37
253            android:theme="@android:style/Theme.NoTitleBar.Fullscreen" />
253-->[:url_launcher_android] AndroidManifest.xml:11:13-71
254
255        <provider
255-->[:open_file] AndroidManifest.xml:12:9-21:20
256            android:name="com.crazecoder.openfile.FileProvider"
256-->[:open_file] AndroidManifest.xml:13:13-64
257            android:authorities="com.test.ooweb.fileProvider.com.crazecoder.openfile"
257-->[:open_file] AndroidManifest.xml:14:13-88
258            android:exported="false"
258-->[:open_file] AndroidManifest.xml:15:13-37
259            android:grantUriPermissions="true" >
259-->[:open_file] AndroidManifest.xml:16:13-47
260            <meta-data
260-->src\main\AndroidManifest.xml:101:13-104:52
261                android:name="android.support.FILE_PROVIDER_PATHS"
261-->src\main\AndroidManifest.xml:102:17-67
262                android:resource="@xml/filepaths" />
262-->src\main\AndroidManifest.xml:103:17-51
263        </provider>
264
265        <uses-library
265-->[androidx.window:window:1.1.0-alpha04] AndroidManifest.xml:23:9-25:40
266            android:name="androidx.window.extensions"
266-->[androidx.window:window:1.1.0-alpha04] AndroidManifest.xml:24:13-54
267            android:required="false" />
267-->[androidx.window:window:1.1.0-alpha04] AndroidManifest.xml:25:13-37
268        <uses-library
268-->[androidx.window:window:1.1.0-alpha04] AndroidManifest.xml:26:9-28:40
269            android:name="androidx.window.sidecar"
269-->[androidx.window:window:1.1.0-alpha04] AndroidManifest.xml:27:13-51
270            android:required="false" />
270-->[androidx.window:window:1.1.0-alpha04] AndroidManifest.xml:28:13-37
271
272        <provider
272-->[com.sangcomz:FishBun:0.11.2] AndroidManifest.xml:12:9-20:20
273            android:name="com.sangcomz.fishbun.FishBunFileProvider"
273-->[com.sangcomz:FishBun:0.11.2] AndroidManifest.xml:13:13-68
274            android:authorities="com.test.ooweb.fishbunfileprovider"
274-->[com.sangcomz:FishBun:0.11.2] AndroidManifest.xml:14:13-71
275            android:exported="false"
275-->[com.sangcomz:FishBun:0.11.2] AndroidManifest.xml:15:13-37
276            android:grantUriPermissions="true" >
276-->[com.sangcomz:FishBun:0.11.2] AndroidManifest.xml:16:13-47
277            <meta-data
277-->src\main\AndroidManifest.xml:101:13-104:52
278                android:name="android.support.FILE_PROVIDER_PATHS"
278-->src\main\AndroidManifest.xml:102:17-67
279                android:resource="@xml/provider_paths" />
279-->src\main\AndroidManifest.xml:103:17-51
280        </provider>
281
282        <activity
282-->[com.sangcomz:FishBun:0.11.2] AndroidManifest.xml:22:9-25:51
283            android:name="com.sangcomz.fishbun.ui.album.AlbumActivity"
283-->[com.sangcomz:FishBun:0.11.2] AndroidManifest.xml:23:13-71
284            android:label="@string/album"
284-->[com.sangcomz:FishBun:0.11.2] AndroidManifest.xml:24:13-42
285            android:theme="@style/FishBunTheme" />
285-->[com.sangcomz:FishBun:0.11.2] AndroidManifest.xml:25:13-48
286        <activity
286-->[com.sangcomz:FishBun:0.11.2] AndroidManifest.xml:26:9-28:51
287            android:name="com.sangcomz.fishbun.ui.picker.PickerActivity"
287-->[com.sangcomz:FishBun:0.11.2] AndroidManifest.xml:27:13-73
288            android:theme="@style/FishBunTheme" />
288-->[com.sangcomz:FishBun:0.11.2] AndroidManifest.xml:28:13-48
289        <activity
289-->[com.sangcomz:FishBun:0.11.2] AndroidManifest.xml:29:9-31:54
290            android:name="com.sangcomz.fishbun.ui.detail.DetailActivity"
290-->[com.sangcomz:FishBun:0.11.2] AndroidManifest.xml:30:13-73
291            android:theme="@style/DetailViewTheme" />
291-->[com.sangcomz:FishBun:0.11.2] AndroidManifest.xml:31:13-51
292
293        <receiver
293-->[com.google.firebase:firebase-messaging:23.1.2] AndroidManifest.xml:31:9-38:20
294            android:name="com.google.firebase.iid.FirebaseInstanceIdReceiver"
294-->[com.google.firebase:firebase-messaging:23.1.2] AndroidManifest.xml:32:13-78
295            android:exported="true"
295-->[com.google.firebase:firebase-messaging:23.1.2] AndroidManifest.xml:33:13-36
296            android:permission="com.google.android.c2dm.permission.SEND" >
296-->[com.google.firebase:firebase-messaging:23.1.2] AndroidManifest.xml:34:13-73
297            <intent-filter>
297-->[:firebase_messaging] AndroidManifest.xml:30:13-32:29
298                <action android:name="com.google.android.c2dm.intent.RECEIVE" />
298-->[:firebase_messaging] AndroidManifest.xml:31:17-81
298-->[:firebase_messaging] AndroidManifest.xml:31:25-78
299            </intent-filter>
300        </receiver>
301        <!--
302             FirebaseMessagingService performs security checks at runtime,